Determining if the pthread_create exist failed with the following output:
Change Dir: /home/vincent/catkin_ws/build/CMakeFiles/CMakeTmp

Run Build Command:"/usr/bin/make" "cmTC_df38f/fast"
/usr/bin/make -f CMakeFiles/cmTC_df38f.dir/build.make CMakeFiles/cmTC_df38f.dir/build
make[1]: Entering directory '/home/vincent/catkin_ws/build/CMakeFiles/CMakeTmp'
Building C object CMakeFiles/cmTC_df38f.dir/CheckSymbolExists.c.o
/usr/bin/cc     -o CMakeFiles/cmTC_df38f.dir/CheckSymbolExists.c.o   -c /home/vincent/catkin_ws/build/CMakeFiles/CMakeTmp/CheckSymbolExists.c
Linking C executable cmTC_df38f
/usr/bin/cmake -E cmake_link_script CMakeFiles/cmTC_df38f.dir/link.txt --verbose=1
/usr/bin/cc       CMakeFiles/cmTC_df38f.dir/CheckSymbolExists.c.o  -o cmTC_df38f -rdynamic 
CMakeFiles/cmTC_df38f.dir/CheckSymbolExists.c.o: In function `main':
CheckSymbolExists.c:(.text+0xe): undefined reference to `pthread_create'
CheckSymbolExists.c:(.text+0x12): undefined reference to `pthread_create'
collect2: error: ld returned 1 exit status
CMakeFiles/cmTC_df38f.dir/build.make:97: recipe for target 'cmTC_df38f' failed
make[1]: *** [cmTC_df38f] Error 1
make[1]: Leaving directory '/home/vincent/catkin_ws/build/CMakeFiles/CMakeTmp'
Makefile:126: recipe for target 'cmTC_df38f/fast' failed
make: *** [cmTC_df38f/fast] Error 2

File /home/vincent/catkin_ws/build/CMakeFiles/CMakeTmp/CheckSymbolExists.c:
/* */
#include <pthread.h>

int main(int argc, char** argv)
{
  (void)argv;
#ifndef pthread_create
  return ((int*)(&pthread_create))[argc];
#else
  (void)argc;
  return 0;
#endif
}

Determining if the function pthread_create exists in the pthreads failed with the following output:
Change Dir: /home/vincent/catkin_ws/build/CMakeFiles/CMakeTmp

Run Build Command:"/usr/bin/make" "cmTC_92733/fast"
/usr/bin/make -f CMakeFiles/cmTC_92733.dir/build.make CMakeFiles/cmTC_92733.dir/build
make[1]: Entering directory '/home/vincent/catkin_ws/build/CMakeFiles/CMakeTmp'
Building C object CMakeFiles/cmTC_92733.dir/CheckFunctionExists.c.o
/usr/bin/cc    -DCHECK_FUNCTION_EXISTS=pthread_create   -o CMakeFiles/cmTC_92733.dir/CheckFunctionExists.c.o   -c /usr/share/cmake-3.5/Modules/CheckFunctionExists.c
Linking C executable cmTC_92733
/usr/bin/cmake -E cmake_link_script CMakeFiles/cmTC_92733.dir/link.txt --verbose=1
/usr/bin/cc   -DCHECK_FUNCTION_EXISTS=pthread_create    CMakeFiles/cmTC_92733.dir/CheckFunctionExists.c.o  -o cmTC_92733 -rdynamic -lpthreads 
/usr/bin/ld: cannot find -lpthreads
collect2: error: ld returned 1 exit status
CMakeFiles/cmTC_92733.dir/build.make:97: recipe for target 'cmTC_92733' failed
make[1]: *** [cmTC_92733] Error 1
make[1]: Leaving directory '/home/vincent/catkin_ws/build/CMakeFiles/CMakeTmp'
Makefile:126: recipe for target 'cmTC_92733/fast' failed
make: *** [cmTC_92733/fast] Error 2


Determining if the include file pgm.h exists failed with the following output:
Change Dir: /home/vincent/catkin_ws/build/CMakeFiles/CMakeTmp

Run Build Command:"/usr/bin/make" "cmTC_250e7/fast"
/usr/bin/make -f CMakeFiles/cmTC_250e7.dir/build.make CMakeFiles/cmTC_250e7.dir/build
make[1]: Entering directory '/home/vincent/catkin_ws/build/CMakeFiles/CMakeTmp'
Building CXX object CMakeFiles/cmTC_250e7.dir/CheckIncludeFile.cxx.o
/usr/bin/c++      -o CMakeFiles/cmTC_250e7.dir/CheckIncludeFile.cxx.o -c /home/vincent/catkin_ws/build/CMakeFiles/CMakeTmp/CheckIncludeFile.cxx
/home/vincent/catkin_ws/build/CMakeFiles/CMakeTmp/CheckIncludeFile.cxx:1:17: fatal error: pgm.h: No such file or directory
compilation terminated.
CMakeFiles/cmTC_250e7.dir/build.make:65: recipe for target 'CMakeFiles/cmTC_250e7.dir/CheckIncludeFile.cxx.o' failed
make[1]: *** [CMakeFiles/cmTC_250e7.dir/CheckIncludeFile.cxx.o] Error 1
make[1]: Leaving directory '/home/vincent/catkin_ws/build/CMakeFiles/CMakeTmp'
Makefile:126: recipe for target 'cmTC_250e7/fast' failed
make: *** [cmTC_250e7/fast] Error 2


Determining if the Q_WS_WIN exist failed with the following output:
Change Dir: /home/vincent/catkin_ws/build/CMakeFiles/CMakeTmp

Run Build Command:"/usr/bin/make" "cmTC_43aae/fast"
/usr/bin/make -f CMakeFiles/cmTC_43aae.dir/build.make CMakeFiles/cmTC_43aae.dir/build
make[1]: Entering directory '/home/vincent/catkin_ws/build/CMakeFiles/CMakeTmp'
Building CXX object CMakeFiles/cmTC_43aae.dir/CheckSymbolExists.cxx.o
/usr/bin/c++    -I/usr/include/qt4   -o CMakeFiles/cmTC_43aae.dir/CheckSymbolExists.cxx.o -c /home/vincent/catkin_ws/build/CMakeFiles/CMakeTmp/CheckSymbolExists.cxx
/home/vincent/catkin_ws/build/CMakeFiles/CMakeTmp/CheckSymbolExists.cxx: In function ‘int main(int, char**)’:
/home/vincent/catkin_ws/build/CMakeFiles/CMakeTmp/CheckSymbolExists.cxx:8:19: error: ‘Q_WS_WIN’ was not declared in this scope
   return ((int*)(&Q_WS_WIN))[argc];
                   ^
CMakeFiles/cmTC_43aae.dir/build.make:65: recipe for target 'CMakeFiles/cmTC_43aae.dir/CheckSymbolExists.cxx.o' failed
make[1]: *** [CMakeFiles/cmTC_43aae.dir/CheckSymbolExists.cxx.o] Error 1
make[1]: Leaving directory '/home/vincent/catkin_ws/build/CMakeFiles/CMakeTmp'
Makefile:126: recipe for target 'cmTC_43aae/fast' failed
make: *** [cmTC_43aae/fast] Error 2

File /home/vincent/catkin_ws/build/CMakeFiles/CMakeTmp/CheckSymbolExists.cxx:
/* */
#include <QtCore/qglobal.h>

int main(int argc, char** argv)
{
  (void)argv;
#ifndef Q_WS_WIN
  return ((int*)(&Q_WS_WIN))[argc];
#else
  (void)argc;
  return 0;
#endif
}

Determining if the Q_WS_QWS exist failed with the following output:
Change Dir: /home/vincent/catkin_ws/build/CMakeFiles/CMakeTmp

Run Build Command:"/usr/bin/make" "cmTC_1e9d3/fast"
/usr/bin/make -f CMakeFiles/cmTC_1e9d3.dir/build.make CMakeFiles/cmTC_1e9d3.dir/build
make[1]: Entering directory '/home/vincent/catkin_ws/build/CMakeFiles/CMakeTmp'
Building CXX object CMakeFiles/cmTC_1e9d3.dir/CheckSymbolExists.cxx.o
/usr/bin/c++    -I/usr/include/qt4   -o CMakeFiles/cmTC_1e9d3.dir/CheckSymbolExists.cxx.o -c /home/vincent/catkin_ws/build/CMakeFiles/CMakeTmp/CheckSymbolExists.cxx
/home/vincent/catkin_ws/build/CMakeFiles/CMakeTmp/CheckSymbolExists.cxx: In function ‘int main(int, char**)’:
/home/vincent/catkin_ws/build/CMakeFiles/CMakeTmp/CheckSymbolExists.cxx:8:19: error: ‘Q_WS_QWS’ was not declared in this scope
   return ((int*)(&Q_WS_QWS))[argc];
                   ^
CMakeFiles/cmTC_1e9d3.dir/build.make:65: recipe for target 'CMakeFiles/cmTC_1e9d3.dir/CheckSymbolExists.cxx.o' failed
make[1]: *** [CMakeFiles/cmTC_1e9d3.dir/CheckSymbolExists.cxx.o] Error 1
make[1]: Leaving directory '/home/vincent/catkin_ws/build/CMakeFiles/CMakeTmp'
Makefile:126: recipe for target 'cmTC_1e9d3/fast' failed
make: *** [cmTC_1e9d3/fast] Error 2

File /home/vincent/catkin_ws/build/CMakeFiles/CMakeTmp/CheckSymbolExists.cxx:
/* */
#include <QtCore/qglobal.h>

int main(int argc, char** argv)
{
  (void)argv;
#ifndef Q_WS_QWS
  return ((int*)(&Q_WS_QWS))[argc];
#else
  (void)argc;
  return 0;
#endif
}

Determining if the Q_WS_MAC exist failed with the following output:
Change Dir: /home/vincent/catkin_ws/build/CMakeFiles/CMakeTmp

Run Build Command:"/usr/bin/make" "cmTC_b202f/fast"
/usr/bin/make -f CMakeFiles/cmTC_b202f.dir/build.make CMakeFiles/cmTC_b202f.dir/build
make[1]: Entering directory '/home/vincent/catkin_ws/build/CMakeFiles/CMakeTmp'
Building CXX object CMakeFiles/cmTC_b202f.dir/CheckSymbolExists.cxx.o
/usr/bin/c++    -I/usr/include/qt4   -o CMakeFiles/cmTC_b202f.dir/CheckSymbolExists.cxx.o -c /home/vincent/catkin_ws/build/CMakeFiles/CMakeTmp/CheckSymbolExists.cxx
/home/vincent/catkin_ws/build/CMakeFiles/CMakeTmp/CheckSymbolExists.cxx: In function ‘int main(int, char**)’:
/home/vincent/catkin_ws/build/CMakeFiles/CMakeTmp/CheckSymbolExists.cxx:8:19: error: ‘Q_WS_MAC’ was not declared in this scope
   return ((int*)(&Q_WS_MAC))[argc];
                   ^
CMakeFiles/cmTC_b202f.dir/build.make:65: recipe for target 'CMakeFiles/cmTC_b202f.dir/CheckSymbolExists.cxx.o' failed
make[1]: *** [CMakeFiles/cmTC_b202f.dir/CheckSymbolExists.cxx.o] Error 1
make[1]: Leaving directory '/home/vincent/catkin_ws/build/CMakeFiles/CMakeTmp'
Makefile:126: recipe for target 'cmTC_b202f/fast' failed
make: *** [cmTC_b202f/fast] Error 2

File /home/vincent/catkin_ws/build/CMakeFiles/CMakeTmp/CheckSymbolExists.cxx:
/* */
#include <QtCore/qglobal.h>

int main(int argc, char** argv)
{
  (void)argv;
#ifndef Q_WS_MAC
  return ((int*)(&Q_WS_MAC))[argc];
#else
  (void)argc;
  return 0;
#endif
}

